{
  "stats": {
    "suites": 2,
    "tests": 3,
    "passes": 3,
    "pending": 0,
    "failures": 0,
    "start": "2020-02-06T10:44:05.218Z",
    "end": "2020-02-06T10:44:33.997Z",
    "duration": 28779,
    "testsRegistered": 3,
    "passPercent": 100,
    "pendingPercent": 0,
    "other": 0,
    "hasOther": false,
    "skipped": 0,
    "hasSkipped": false
  },
  "results": [
    {
      "uuid": "48891fe2-5901-44e8-a69c-f0691913bb3a",
      "title": "",
      "fullFile": "",
      "file": "",
      "beforeHooks": [],
      "afterHooks": [],
      "tests": [],
      "suites": [
        {
          "uuid": "ff766e0c-fc29-45a6-9c0f-ac92c618ce02",
          "title": "",
          "fullFile": "",
          "file": "",
          "beforeHooks": [],
          "afterHooks": [],
          "tests": [],
          "suites": [
            {
              "uuid": "0cbdb3a5-2ad4-4bc1-aa13-716c7f801cbf",
              "title": "Store List",
              "fullFile": "C:\\Users\\lenovo\\Desktop\\mocha-puppeteer\\test\\06_Help\\01_help.js",
              "file": "\\test\\06_Help\\01_help.js",
              "beforeHooks": [
                {
                  "title": "\"before all\" hook",
                  "fullTitle": " Store List \"before all\" hook",
                  "timedOut": false,
                  "duration": 16600,
                  "state": null,
                  "speed": null,
                  "pass": false,
                  "fail": false,
                  "pending": false,
                  "context": null,
                  "code": "browser = await puppeteer.launch({\n    headless : config.isHeadless,\n    slowMo : config.slowMo,\n    devtools : config.isDevtools,\n    timeout : config.timeout,\n})\npage = await browser.newPage()\nawait page.setDefaultTimeout(config.timeout)\nawait page.setViewport({\n    width : config.viewportWidth,\n    height : config.viewportHeight,\n})\nawait login(page)",
                  "err": {},
                  "uuid": "1c903e31-17d6-47b7-a1f2-fc6d0780abf1",
                  "parentUUID": "0cbdb3a5-2ad4-4bc1-aa13-716c7f801cbf",
                  "isHook": true,
                  "skipped": false
                }
              ],
              "afterHooks": [
                {
                  "title": "\"after all\" hook",
                  "fullTitle": " Store List \"after all\" hook",
                  "timedOut": false,
                  "duration": 944,
                  "state": null,
                  "speed": null,
                  "pass": false,
                  "fail": false,
                  "pending": false,
                  "context": null,
                  "code": "await browser.close()",
                  "err": {},
                  "uuid": "8bb82062-f2a2-4b8f-970c-27d3fdde4204",
                  "parentUUID": "0cbdb3a5-2ad4-4bc1-aa13-716c7f801cbf",
                  "isHook": true,
                  "skipped": false
                }
              ],
              "tests": [
                {
                  "title": "redirect ke order-history page saat klik \"Lihat Riwayat Pemesanan\"",
                  "fullTitle": " Store List redirect ke order-history page saat klik \"Lihat Riwayat Pemesanan\"",
                  "timedOut": false,
                  "duration": 4060,
                  "state": "passed",
                  "speed": "slow",
                  "pass": true,
                  "fail": false,
                  "pending": false,
                  "context": null,
                  "code": "const pageHelp = 'Bantuan'\nconst pageOrderHistory = 'Riwayat Pemesanan'\n// Open Store-list page\nawait loadUrl(page, `${config.baseUrl}/help/3490879`)\n// Verify Element\nconst navbarHelp = await getTextXpath(page, `//p[@class='navbar-page-title']`)\nexpect(navbarHelp).to.equal(pageHelp)\n// Click Lihat Riwayat Pemesanan\n// await clickXpath(page, `//p[contains(text(),'Lihat Riwayat Pemesanan')]`)\nawait click(page, '#help-history')\n// Verify Element\nconst navbarOrderHistory = await getTextXpath(page, `//p[@class='navbar-page-title']`)\nexpect(navbarOrderHistory).to.equal(pageOrderHistory)\n\n// Verify Url\nconst url = await page.url()\nexpect(url).to.contain(`${config.baseUrl}/order-history`)",
                  "err": {},
                  "uuid": "dd0a05fe-d497-4d3d-80b2-9f2b7f3a80eb",
                  "parentUUID": "0cbdb3a5-2ad4-4bc1-aa13-716c7f801cbf",
                  "isHook": false,
                  "skipped": false
                },
                {
                  "title": "redirect ke help-content page saat klik list Laporkan Masalah",
                  "fullTitle": " Store List redirect ke help-content page saat klik list Laporkan Masalah",
                  "timedOut": false,
                  "duration": 3497,
                  "state": "passed",
                  "speed": "slow",
                  "pass": true,
                  "fail": false,
                  "pending": false,
                  "context": null,
                  "code": "const pageHelp = 'Bantuan'\nconst pageHelpContent = 'Laporkan Masalah'\n// Open Store-list page\nawait loadUrl(page, `${config.baseUrl}/help/3490879`)\n\n// Verify Element\nconst navbarHelp = await getTextXpath(page, `//p[@class='navbar-page-title']`)\nexpect(navbarHelp).to.equal(pageHelp)\n// Click Lihat Topik Masalah\nawait clickXpath(page, '//div[3]//ul[1]//li[1]')\n// Verify Element\nconst navbarHelpContent = await getTextXpath(page, `//p[@class='navbar-page-title']`)\nexpect(navbarHelpContent).to.equal(pageHelpContent)\n// Verify Url\nconst url = await page.url()\nexpect(url).to.contain(`${config.baseUrl}/help-content`)",
                  "err": {},
                  "uuid": "507845d4-7c89-4817-b148-3380c54188ce",
                  "parentUUID": "0cbdb3a5-2ad4-4bc1-aa13-716c7f801cbf",
                  "isHook": false,
                  "skipped": false
                },
                {
                  "title": "redirect ke other-topic page saat klik list other-page",
                  "fullTitle": " Store List redirect ke other-topic page saat klik list other-page",
                  "timedOut": false,
                  "duration": 3371,
                  "state": "passed",
                  "speed": "slow",
                  "pass": true,
                  "fail": false,
                  "pending": false,
                  "context": null,
                  "code": "const pageHelp = 'Bantuan'\nconst pageHelpContent = 'Topik Lainnya'\n// Open Store-list page\nawait loadUrl(page, `${config.baseUrl}/help/3490879`)\n// Verify Element\nconst navbarHelp = await getTextXpath(page, `//p[@class='navbar-page-title']`)\nexpect(navbarHelp).to.equal(pageHelp)\n// Scroll down\nawait scrollDown(page)\n// Click Lihat Topik Lainnya\nawait clickXpath(page, '//div[4]//ul[1]//li[1]')\n// Verify Element\nconst navbarHelpContent = await getTextXpath(page, `//p[@class='navbar-page-title']`)\nexpect(navbarHelpContent).to.equal(pageHelpContent)\n// Verify Url\nconst url = await page.url()\nexpect(url).to.contain(`${config.baseUrl}/other-topic`)",
                  "err": {},
                  "uuid": "91d7e71d-33fd-4c3d-ae3c-d5c8d4ae8d4f",
                  "parentUUID": "0cbdb3a5-2ad4-4bc1-aa13-716c7f801cbf",
                  "isHook": false,
                  "skipped": false
                }
              ],
              "suites": [],
              "passes": [
                "dd0a05fe-d497-4d3d-80b2-9f2b7f3a80eb",
                "507845d4-7c89-4817-b148-3380c54188ce",
                "91d7e71d-33fd-4c3d-ae3c-d5c8d4ae8d4f"
              ],
              "failures": [],
              "pending": [],
              "skipped": [],
              "duration": 10928,
              "root": false,
              "rootEmpty": false,
              "_timeout": 50000
            }
          ],
          "passes": [],
          "failures": [],
          "pending": [],
          "skipped": [],
          "duration": 0,
          "root": false,
          "rootEmpty": false,
          "_timeout": 50000
        }
      ],
      "passes": [],
      "failures": [],
      "pending": [],
      "skipped": [],
      "duration": 0,
      "root": true,
      "rootEmpty": true,
      "_timeout": 50000
    }
  ],
  "meta": {
    "mocha": {
      "version": "7.0.1"
    },
    "mochawesome": {
      "options": {
        "quiet": false,
        "reportFilename": "mochawesome",
        "saveHtml": true,
        "saveJson": true,
        "consoleReporter": "spec",
        "useInlineDiffs": false
      },
      "version": "4.1.0"
    },
    "marge": {
      "options": {},
      "version": "4.1.0"
    }
  }
}